android/app/build/intermediates/manifest_merge_blame_file/debug/manifest-merger-blame-debug-report.txt
1<?xml version="1.0" encoding="utf-8"?>
2<manifest xmlns:android="http://schemas.android.com/apk/res/android"
3    package="com.example.food_fellas"
4    android:versionCode="1"
5    android:versionName="0.1.0" >
6
7    <uses-sdk
8        android:minSdkVersion="23"
9        android:targetSdkVersion="34" />
10    <!--
11         The INTERNET permission is required for development. Specifically,
12         the Flutter tool needs it to communicate with the running application
13         to allow setting breakpoints, to provide hot reload, etc.
14    -->
15    <uses-permission android:name="android.permission.INTERNET" />
15-->src/main/AndroidManifest.xml:51:5-66
15-->src/main/AndroidManifest.xml:51:22-64
16    <!--
17     Required to query activities that can process text, see:
18         https://developer.android.com/training/package-visibility?hl=en and
19         https://developer.android.com/reference/android/content/Intent#ACTION_PROCESS_TEXT.
20
21         In particular, this is used by the Flutter engine in io.flutter.plugin.text.ProcessTextPlugin.
22    -->
23    <queries>
23-->src/main/AndroidManifest.xml:42:5-50:15
24        <intent>
24-->src/main/AndroidManifest.xml:43:9-46:18
25            <action android:name="android.intent.action.PROCESS_TEXT" />
25-->src/main/AndroidManifest.xml:44:13-72
25-->src/main/AndroidManifest.xml:44:21-70
26
27            <data android:mimeType="text/plain" />
27-->src/main/AndroidManifest.xml:45:13-50
27-->src/main/AndroidManifest.xml:45:19-48
28        </intent>
29        <intent>
29-->src/main/AndroidManifest.xml:47:10-49:14
30            <action android:name="android.speech.RecognitionService" />
30-->src/main/AndroidManifest.xml:48:9-67
30-->src/main/AndroidManifest.xml:48:17-65
31        </intent>
32    </queries>
33
34    <uses-permission android:name="android.permission.RECORD_AUDIO" /> <!-- Although the *SdkVersion is captured in gradle build files, this is required for non gradle builds -->
34-->src/main/AndroidManifest.xml:52:5-70
34-->src/main/AndroidManifest.xml:52:22-68
35    <!-- <uses-sdk android:minSdkVersion="21" /> -->
36    <uses-permission android:name="android.permission.ACCESS_NETWORK_STATE" />
36-->[com.google.firebase:firebase-firestore:25.1.1] AndroidManifest.xml:10:5-79
36-->[com.google.firebase:firebase-firestore:25.1.1] AndroidManifest.xml:10:22-76
37    <uses-permission android:name="android.permission.WAKE_LOCK" />
37-->[com.google.android.gms:play-services-measurement-api:22.1.2] AndroidManifest.xml:24:5-68
37-->[com.google.android.gms:play-services-measurement-api:22.1.2] AndroidManifest.xml:24:22-65
38    <uses-permission android:name="com.google.android.gms.permission.AD_ID" />
38-->[com.google.android.gms:play-services-measurement-api:22.1.2] AndroidManifest.xml:25:5-79
38-->[com.google.android.gms:play-services-measurement-api:22.1.2] AndroidManifest.xml:25:22-76
39    <uses-permission android:name="android.permission.ACCESS_ADSERVICES_ATTRIBUTION" />
39-->[com.google.android.gms:play-services-measurement-api:22.1.2] AndroidManifest.xml:26:5-88
39-->[com.google.android.gms:play-services-measurement-api:22.1.2] AndroidManifest.xml:26:22-85
40    <uses-permission android:name="android.permission.ACCESS_ADSERVICES_AD_ID" /> <!-- Required by older versions of Google Play services to create IID tokens -->
40-->[com.google.android.gms:play-services-measurement-api:22.1.2] AndroidManifest.xml:27:5-82
40-->[com.google.android.gms:play-services-measurement-api:22.1.2] AndroidManifest.xml:27:22-79
41    <uses-permission android:name="com.google.android.c2dm.permission.RECEIVE" />
41-->[com.google.firebase:firebase-iid:21.1.0] AndroidManifest.xml:26:5-82
41-->[com.google.firebase:firebase-iid:21.1.0] AndroidManifest.xml:26:22-79
42    <uses-permission android:name="com.google.android.finsky.permission.BIND_GET_INSTALL_REFERRER_SERVICE" />
42-->[com.google.android.gms:play-services-measurement:22.1.2] AndroidManifest.xml:26:5-110
42-->[com.google.android.gms:play-services-measurement:22.1.2] AndroidManifest.xml:26:22-107
43    <uses-permission android:name="com.google.android.providers.gsf.permission.READ_GSERVICES" />
43-->[com.google.android.recaptcha:recaptcha:18.5.1] AndroidManifest.xml:9:5-98
43-->[com.google.android.recaptcha:recaptcha:18.5.1] AndroidManifest.xml:9:22-95
44
45    <permission
45-->[androidx.core:core:1.13.1] AndroidManifest.xml:22:5-24:47
46        android:name="com.example.food_fellas.DYNAMIC_RECEIVER_NOT_EXPORTED_PERMISSION"
46-->[androidx.core:core:1.13.1] AndroidManifest.xml:23:9-81
47        android:protectionLevel="signature" />
47-->[androidx.core:core:1.13.1] AndroidManifest.xml:24:9-44
48
49    <uses-permission android:name="com.example.food_fellas.DYNAMIC_RECEIVER_NOT_EXPORTED_PERMISSION" />
49-->[androidx.core:core:1.13.1] AndroidManifest.xml:26:5-97
49-->[androidx.core:core:1.13.1] AndroidManifest.xml:26:22-94
50
51    <application
52        android:name="android.app.Application"
53        android:appComponentFactory="androidx.core.app.CoreComponentFactory"
53-->[androidx.core:core:1.13.1] AndroidManifest.xml:28:18-86
54        android:debuggable="true"
55        android:extractNativeLibs="false"
56        android:icon="@mipmap/ic_launcher"
57        android:label="food_fellas" >
58        <activity
59            android:name="com.example.food_fellas.MainActivity"
60            android:configChanges="orientation|keyboardHidden|keyboard|screenSize|smallestScreenSize|locale|layoutDirection|fontScale|screenLayout|density|uiMode"
61            android:exported="true"
62            android:hardwareAccelerated="true"
63            android:launchMode="singleTop"
64            android:theme="@style/LaunchTheme"
65            android:windowSoftInputMode="adjustResize" >
66
67            <!--
68                 Specifies an Android theme to apply to this Activity as soon as
69                 the Android process has started. This theme is visible to the user
70                 while the Flutter UI initializes. After that, this theme continues
71                 to determine the Window background behind the Flutter UI.
72            -->
73            <meta-data
74                android:name="io.flutter.embedding.android.NormalTheme"
75                android:resource="@style/NormalTheme" />
76
77            <intent-filter>
78                <action android:name="android.intent.action.MAIN" />
79
80                <category android:name="android.intent.category.LAUNCHER" />
81            </intent-filter>
82        </activity>
83        <activity
84            android:name="com.yalantis.ucrop.UCropActivity"
85            android:screenOrientation="portrait"
86            android:theme="@style/Theme.AppCompat.Light.NoActionBar" />
87        <!--
88             Don't delete the meta-data below.
89             This is used by the Flutter tool to generate GeneratedPluginRegistrant.java
90        -->
91        <meta-data
92            android:name="flutterEmbedding"
93            android:value="2" />
94
95        <service
95-->[:cloud_firestore] AndroidManifest.xml:8:9-12:19
96            android:name="com.google.firebase.components.ComponentDiscoveryService"
96-->[:cloud_firestore] AndroidManifest.xml:8:18-89
97            android:directBootAware="true"
97-->[com.google.firebase:firebase-common:21.0.0] AndroidManifest.xml:32:13-43
98            android:exported="false" >
98-->[com.google.firebase:firebase-firestore:25.1.1] AndroidManifest.xml:16:13-37
99            <meta-data
99-->[:cloud_firestore] AndroidManifest.xml:9:13-11:85
100                android:name="com.google.firebase.components:io.flutter.plugins.firebase.firestore.FlutterFirebaseFirestoreRegistrar"
100-->[:cloud_firestore] AndroidManifest.xml:10:17-134
101                android:value="com.google.firebase.components.ComponentRegistrar" />
101-->[:cloud_firestore] AndroidManifest.xml:11:17-82
102            <meta-data
102-->[:cloud_functions] AndroidManifest.xml:9:13-11:85
103                android:name="com.google.firebase.components:io.flutter.plugins.firebase.functions.FlutterFirebaseAppRegistrar"
103-->[:cloud_functions] AndroidManifest.xml:10:17-128
104                android:value="com.google.firebase.components.ComponentRegistrar" />
104-->[:cloud_functions] AndroidManifest.xml:11:17-82
105            <meta-data
105-->[:firebase_app_check] AndroidManifest.xml:9:13-11:85
106                android:name="com.google.firebase.components:io.flutter.plugins.firebase.appcheck.FlutterFirebaseAppRegistrar"
106-->[:firebase_app_check] AndroidManifest.xml:10:17-127
107                android:value="com.google.firebase.components.ComponentRegistrar" />
107-->[:firebase_app_check] AndroidManifest.xml:11:17-82
108            <meta-data
108-->[:firebase_auth] AndroidManifest.xml:9:13-11:85
109                android:name="com.google.firebase.components:io.flutter.plugins.firebase.auth.FlutterFirebaseAuthRegistrar"
109-->[:firebase_auth] AndroidManifest.xml:10:17-124
110                android:value="com.google.firebase.components.ComponentRegistrar" />
110-->[:firebase_auth] AndroidManifest.xml:11:17-82
111            <meta-data
111-->[:firebase_storage] AndroidManifest.xml:9:13-11:85
112                android:name="com.google.firebase.components:io.flutter.plugins.firebase.storage.FlutterFirebaseAppRegistrar"
112-->[:firebase_storage] AndroidManifest.xml:10:17-126
113                android:value="com.google.firebase.components.ComponentRegistrar" />
113-->[:firebase_storage] AndroidManifest.xml:11:17-82
114            <meta-data
114-->[:firebase_core] AndroidManifest.xml:9:13-11:85
115                android:name="com.google.firebase.components:io.flutter.plugins.firebase.core.FlutterFirebaseCoreRegistrar"
115-->[:firebase_core] AndroidManifest.xml:10:17-124
116                android:value="com.google.firebase.components.ComponentRegistrar" />
116-->[:firebase_core] AndroidManifest.xml:11:17-82
117            <meta-data
117-->[com.google.firebase:firebase-firestore:25.1.1] AndroidManifest.xml:17:13-19:85
118                android:name="com.google.firebase.components:com.google.firebase.firestore.FirebaseFirestoreKtxRegistrar"
118-->[com.google.firebase:firebase-firestore:25.1.1] AndroidManifest.xml:18:17-122
119                android:value="com.google.firebase.components.ComponentRegistrar" />
119-->[com.google.firebase:firebase-firestore:25.1.1] AndroidManifest.xml:19:17-82
120            <meta-data
120-->[com.google.firebase:firebase-firestore:25.1.1] AndroidManifest.xml:20:13-22:85
121                android:name="com.google.firebase.components:com.google.firebase.firestore.FirestoreRegistrar"
121-->[com.google.firebase:firebase-firestore:25.1.1] AndroidManifest.xml:21:17-111
122                android:value="com.google.firebase.components.ComponentRegistrar" />
122-->[com.google.firebase:firebase-firestore:25.1.1] AndroidManifest.xml:22:17-82
123            <meta-data
123-->[com.google.firebase:firebase-functions:21.0.0] AndroidManifest.xml:15:13-17:85
124                android:name="com.google.firebase.components:com.google.firebase.functions.FirebaseFunctionsKtxRegistrar"
124-->[com.google.firebase:firebase-functions:21.0.0] AndroidManifest.xml:16:17-122
125                android:value="com.google.firebase.components.ComponentRegistrar" />
125-->[com.google.firebase:firebase-functions:21.0.0] AndroidManifest.xml:17:17-82
126            <meta-data
126-->[com.google.firebase:firebase-functions:21.0.0] AndroidManifest.xml:18:13-20:85
127                android:name="com.google.firebase.components:com.google.firebase.functions.FunctionsRegistrar"
127-->[com.google.firebase:firebase-functions:21.0.0] AndroidManifest.xml:19:17-111
128                android:value="com.google.firebase.components.ComponentRegistrar" />
128-->[com.google.firebase:firebase-functions:21.0.0] AndroidManifest.xml:20:17-82
129            <meta-data
129-->[com.google.firebase:firebase-appcheck-debug:18.0.0] AndroidManifest.xml:25:13-27:85
130                android:name="com.google.firebase.components:com.google.firebase.appcheck.debug.FirebaseAppCheckDebugRegistrar"
130-->[com.google.firebase:firebase-appcheck-debug:18.0.0] AndroidManifest.xml:26:17-128
131                android:value="com.google.firebase.components.ComponentRegistrar" />
131-->[com.google.firebase:firebase-appcheck-debug:18.0.0] AndroidManifest.xml:27:17-82
132            <meta-data
132-->[com.google.firebase:firebase-appcheck-playintegrity:18.0.0] AndroidManifest.xml:25:13-27:85
133                android:name="com.google.firebase.components:com.google.firebase.appcheck.playintegrity.FirebaseAppCheckPlayIntegrityRegistrar"
133-->[com.google.firebase:firebase-appcheck-playintegrity:18.0.0] AndroidManifest.xml:26:17-144
134                android:value="com.google.firebase.components.ComponentRegistrar" />
134-->[com.google.firebase:firebase-appcheck-playintegrity:18.0.0] AndroidManifest.xml:27:17-82
135            <meta-data
135-->[com.google.firebase:firebase-auth:23.1.0] AndroidManifest.xml:69:13-71:85
136                android:name="com.google.firebase.components:com.google.firebase.auth.FirebaseAuthRegistrar"
136-->[com.google.firebase:firebase-auth:23.1.0] AndroidManifest.xml:70:17-109
137                android:value="com.google.firebase.components.ComponentRegistrar" />
137-->[com.google.firebase:firebase-auth:23.1.0] AndroidManifest.xml:71:17-82
138            <meta-data
138-->[com.google.firebase:firebase-storage:21.0.1] AndroidManifest.xml:30:13-32:85
139                android:name="com.google.firebase.components:com.google.firebase.storage.FirebaseStorageKtxRegistrar"
139-->[com.google.firebase:firebase-storage:21.0.1] AndroidManifest.xml:31:17-118
140                android:value="com.google.firebase.components.ComponentRegistrar" />
140-->[com.google.firebase:firebase-storage:21.0.1] AndroidManifest.xml:32:17-82
141            <meta-data
141-->[com.google.firebase:firebase-storage:21.0.1] AndroidManifest.xml:33:13-35:85
142                android:name="com.google.firebase.components:com.google.firebase.storage.StorageRegistrar"
142-->[com.google.firebase:firebase-storage:21.0.1] AndroidManifest.xml:34:17-107
143                android:value="com.google.firebase.components.ComponentRegistrar" />
143-->[com.google.firebase:firebase-storage:21.0.1] AndroidManifest.xml:35:17-82
144            <meta-data
144-->[com.google.android.gms:play-services-measurement-api:22.1.2] AndroidManifest.xml:37:13-39:85
145                android:name="com.google.firebase.components:com.google.firebase.analytics.connector.internal.AnalyticsConnectorRegistrar"
145-->[com.google.android.gms:play-services-measurement-api:22.1.2] AndroidManifest.xml:38:17-139
146                android:value="com.google.firebase.components.ComponentRegistrar" />
146-->[com.google.android.gms:play-services-measurement-api:22.1.2] AndroidManifest.xml:39:17-82
147            <meta-data
147-->[com.google.firebase:firebase-appcheck-safetynet:16.1.2] AndroidManifest.xml:27:13-29:85
148                android:name="com.google.firebase.components:com.google.firebase.appcheck.safetynet.FirebaseAppCheckSafetyNetRegistrar"
148-->[com.google.firebase:firebase-appcheck-safetynet:16.1.2] AndroidManifest.xml:28:17-136
149                android:value="com.google.firebase.components.ComponentRegistrar" />
149-->[com.google.firebase:firebase-appcheck-safetynet:16.1.2] AndroidManifest.xml:29:17-82
150            <meta-data
150-->[com.google.firebase:firebase-appcheck:18.0.0] AndroidManifest.xml:25:13-27:85
151                android:name="com.google.firebase.components:com.google.firebase.appcheck.FirebaseAppCheckKtxRegistrar"
151-->[com.google.firebase:firebase-appcheck:18.0.0] AndroidManifest.xml:26:17-120
152                android:value="com.google.firebase.components.ComponentRegistrar" />
152-->[com.google.firebase:firebase-appcheck:18.0.0] AndroidManifest.xml:27:17-82
153            <meta-data
153-->[com.google.firebase:firebase-appcheck:18.0.0] AndroidManifest.xml:28:13-30:85
154                android:name="com.google.firebase.components:com.google.firebase.appcheck.FirebaseAppCheckRegistrar"
154-->[com.google.firebase:firebase-appcheck:18.0.0] AndroidManifest.xml:29:17-117
155                android:value="com.google.firebase.components.ComponentRegistrar" />
155-->[com.google.firebase:firebase-appcheck:18.0.0] AndroidManifest.xml:30:17-82
156            <meta-data
156-->[com.google.firebase:firebase-iid:21.1.0] AndroidManifest.xml:32:13-34:85
157                android:name="com.google.firebase.components:com.google.firebase.iid.Registrar"
157-->[com.google.firebase:firebase-iid:21.1.0] AndroidManifest.xml:33:17-96
158                android:value="com.google.firebase.components.ComponentRegistrar" />
158-->[com.google.firebase:firebase-iid:21.1.0] AndroidManifest.xml:34:17-82
159            <meta-data
159-->[com.google.firebase:firebase-installations:18.0.0] AndroidManifest.xml:15:13-17:85
160                android:name="com.google.firebase.components:com.google.firebase.installations.FirebaseInstallationsKtxRegistrar"
160-->[com.google.firebase:firebase-installations:18.0.0] AndroidManifest.xml:16:17-130
161                android:value="com.google.firebase.components.ComponentRegistrar" />
161-->[com.google.firebase:firebase-installations:18.0.0] AndroidManifest.xml:17:17-82
162            <meta-data
162-->[com.google.firebase:firebase-installations:18.0.0] AndroidManifest.xml:18:13-20:85
163                android:name="com.google.firebase.components:com.google.firebase.installations.FirebaseInstallationsRegistrar"
163-->[com.google.firebase:firebase-installations:18.0.0] AndroidManifest.xml:19:17-127
164                android:value="com.google.firebase.components.ComponentRegistrar" />
164-->[com.google.firebase:firebase-installations:18.0.0] AndroidManifest.xml:20:17-82
165            <meta-data
165-->[com.google.firebase:firebase-common-ktx:21.0.0] AndroidManifest.xml:12:13-14:85
166                android:name="com.google.firebase.components:com.google.firebase.ktx.FirebaseCommonLegacyRegistrar"
166-->[com.google.firebase:firebase-common-ktx:21.0.0] AndroidManifest.xml:13:17-116
167                android:value="com.google.firebase.components.ComponentRegistrar" />
167-->[com.google.firebase:firebase-common-ktx:21.0.0] AndroidManifest.xml:14:17-82
168            <meta-data
168-->[com.google.firebase:firebase-common:21.0.0] AndroidManifest.xml:35:13-37:85
169                android:name="com.google.firebase.components:com.google.firebase.FirebaseCommonKtxRegistrar"
169-->[com.google.firebase:firebase-common:21.0.0] AndroidManifest.xml:36:17-109
170                android:value="com.google.firebase.components.ComponentRegistrar" />
170-->[com.google.firebase:firebase-common:21.0.0] AndroidManifest.xml:37:17-82
171        </service>
172
173        <provider
173-->[:image_picker_android] AndroidManifest.xml:9:9-17:20
174            android:name="io.flutter.plugins.imagepicker.ImagePickerFileProvider"
174-->[:image_picker_android] AndroidManifest.xml:10:13-82
175            android:authorities="com.example.food_fellas.flutter.image_provider"
175-->[:image_picker_android] AndroidManifest.xml:11:13-74
176            android:exported="false"
176-->[:image_picker_android] AndroidManifest.xml:12:13-37
177            android:grantUriPermissions="true" >
177-->[:image_picker_android] AndroidManifest.xml:13:13-47
178            <meta-data
178-->[:image_picker_android] AndroidManifest.xml:14:13-16:75
179                android:name="android.support.FILE_PROVIDER_PATHS"
179-->[:image_picker_android] AndroidManifest.xml:15:17-67
180                android:resource="@xml/flutter_image_picker_file_paths" />
180-->[:image_picker_android] AndroidManifest.xml:16:17-72
181        </provider> <!-- Trigger Google Play services to install the backported photo picker module. -->
182        <service
182-->[:image_picker_android] AndroidManifest.xml:19:9-31:19
183            android:name="com.google.android.gms.metadata.ModuleDependencies"
183-->[:image_picker_android] AndroidManifest.xml:20:13-78
184            android:enabled="false"
184-->[:image_picker_android] AndroidManifest.xml:21:13-36
185            android:exported="false" >
185-->[:image_picker_android] AndroidManifest.xml:22:13-37
186            <intent-filter>
186-->[:image_picker_android] AndroidManifest.xml:24:13-26:29
187                <action android:name="com.google.android.gms.metadata.MODULE_DEPENDENCIES" />
187-->[:image_picker_android] AndroidManifest.xml:25:17-94
187-->[:image_picker_android] AndroidManifest.xml:25:25-91
188            </intent-filter>
189
190            <meta-data
190-->[:image_picker_android] AndroidManifest.xml:28:13-30:36
191                android:name="photopicker_activity:0:required"
191-->[:image_picker_android] AndroidManifest.xml:29:17-63
192                android:value="" />
192-->[:image_picker_android] AndroidManifest.xml:30:17-33
193        </service>
194
195        <activity
195-->[:url_launcher_android] AndroidManifest.xml:8:9-11:74
196            android:name="io.flutter.plugins.urllauncher.WebViewActivity"
196-->[:url_launcher_android] AndroidManifest.xml:9:13-74
197            android:exported="false"
197-->[:url_launcher_android] AndroidManifest.xml:10:13-37
198            android:theme="@android:style/Theme.NoTitleBar.Fullscreen" />
198-->[:url_launcher_android] AndroidManifest.xml:11:13-71
199        <activity
199-->[com.google.firebase:firebase-auth:23.1.0] AndroidManifest.xml:29:9-46:20
200            android:name="com.google.firebase.auth.internal.GenericIdpActivity"
200-->[com.google.firebase:firebase-auth:23.1.0] AndroidManifest.xml:30:13-80
201            android:excludeFromRecents="true"
201-->[com.google.firebase:firebase-auth:23.1.0] AndroidManifest.xml:31:13-46
202            android:exported="true"
202-->[com.google.firebase:firebase-auth:23.1.0] AndroidManifest.xml:32:13-36
203            android:launchMode="singleTask"
203-->[com.google.firebase:firebase-auth:23.1.0] AndroidManifest.xml:33:13-44
204            android:theme="@android:style/Theme.Translucent.NoTitleBar" >
204-->[com.google.firebase:firebase-auth:23.1.0] AndroidManifest.xml:34:13-72
205            <intent-filter>
205-->[com.google.firebase:firebase-auth:23.1.0] AndroidManifest.xml:35:13-45:29
206                <action android:name="android.intent.action.VIEW" />
206-->[com.google.firebase:firebase-auth:23.1.0] AndroidManifest.xml:36:17-69
206-->[com.google.firebase:firebase-auth:23.1.0] AndroidManifest.xml:36:25-66
207
208                <category android:name="android.intent.category.DEFAULT" />
208-->[com.google.firebase:firebase-auth:23.1.0] AndroidManifest.xml:38:17-76
208-->[com.google.firebase:firebase-auth:23.1.0] AndroidManifest.xml:38:27-73
209                <category android:name="android.intent.category.BROWSABLE" />
209-->[com.google.firebase:firebase-auth:23.1.0] AndroidManifest.xml:39:17-78
209-->[com.google.firebase:firebase-auth:23.1.0] AndroidManifest.xml:39:27-75
210
211                <data
211-->src/main/AndroidManifest.xml:45:13-50
212                    android:host="firebase.auth"
213                    android:path="/"
214                    android:scheme="genericidp" />
215            </intent-filter>
216        </activity>
217        <activity
217-->[com.google.firebase:firebase-auth:23.1.0] AndroidManifest.xml:47:9-64:20
218            android:name="com.google.firebase.auth.internal.RecaptchaActivity"
218-->[com.google.firebase:firebase-auth:23.1.0] AndroidManifest.xml:48:13-79
219            android:excludeFromRecents="true"
219-->[com.google.firebase:firebase-auth:23.1.0] AndroidManifest.xml:49:13-46
220            android:exported="true"
220-->[com.google.firebase:firebase-auth:23.1.0] AndroidManifest.xml:50:13-36
221            android:launchMode="singleTask"
221-->[com.google.firebase:firebase-auth:23.1.0] AndroidManifest.xml:51:13-44
222            android:theme="@android:style/Theme.Translucent.NoTitleBar" >
222-->[com.google.firebase:firebase-auth:23.1.0] AndroidManifest.xml:52:13-72
223            <intent-filter>
223-->[com.google.firebase:firebase-auth:23.1.0] AndroidManifest.xml:53:13-63:29
224                <action android:name="android.intent.action.VIEW" />
224-->[com.google.firebase:firebase-auth:23.1.0] AndroidManifest.xml:36:17-69
224-->[com.google.firebase:firebase-auth:23.1.0] AndroidManifest.xml:36:25-66
225
226                <category android:name="android.intent.category.DEFAULT" />
226-->[com.google.firebase:firebase-auth:23.1.0] AndroidManifest.xml:38:17-76
226-->[com.google.firebase:firebase-auth:23.1.0] AndroidManifest.xml:38:27-73
227                <category android:name="android.intent.category.BROWSABLE" />
227-->[com.google.firebase:firebase-auth:23.1.0] AndroidManifest.xml:39:17-78
227-->[com.google.firebase:firebase-auth:23.1.0] AndroidManifest.xml:39:27-75
228
229                <data
229-->src/main/AndroidManifest.xml:45:13-50
230                    android:host="firebase.auth"
231                    android:path="/"
232                    android:scheme="recaptcha" />
233            </intent-filter>
234        </activity>
235
236        <property
236-->[com.google.android.gms:play-services-measurement-api:22.1.2] AndroidManifest.xml:30:9-32:61
237            android:name="android.adservices.AD_SERVICES_CONFIG"
237-->[com.google.android.gms:play-services-measurement-api:22.1.2] AndroidManifest.xml:31:13-65
238            android:resource="@xml/ga_ad_services_config" />
238-->[com.google.android.gms:play-services-measurement-api:22.1.2] AndroidManifest.xml:32:13-58
239
240        <service
240-->[androidx.credentials:credentials-play-services-auth:1.2.0-rc01] AndroidManifest.xml:24:9-32:19
241            android:name="androidx.credentials.playservices.CredentialProviderMetadataHolder"
241-->[androidx.credentials:credentials-play-services-auth:1.2.0-rc01] AndroidManifest.xml:25:13-94
242            android:enabled="true"
242-->[androidx.credentials:credentials-play-services-auth:1.2.0-rc01] AndroidManifest.xml:26:13-35
243            android:exported="false" >
243-->[androidx.credentials:credentials-play-services-auth:1.2.0-rc01] AndroidManifest.xml:27:13-37
244            <meta-data
244-->[androidx.credentials:credentials-play-services-auth:1.2.0-rc01] AndroidManifest.xml:29:13-31:104
245                android:name="androidx.credentials.CREDENTIAL_PROVIDER_KEY"
245-->[androidx.credentials:credentials-play-services-auth:1.2.0-rc01] AndroidManifest.xml:30:17-76
246                android:value="androidx.credentials.playservices.CredentialProviderPlayServicesImpl" />
246-->[androidx.credentials:credentials-play-services-auth:1.2.0-rc01] AndroidManifest.xml:31:17-101
247        </service>
248
249        <activity
249-->[androidx.credentials:credentials-play-services-auth:1.2.0-rc01] AndroidManifest.xml:34:9-41:20
250            android:name="androidx.credentials.playservices.HiddenActivity"
250-->[androidx.credentials:credentials-play-services-auth:1.2.0-rc01] AndroidManifest.xml:35:13-76
251            android:configChanges="orientation|screenSize|screenLayout|keyboardHidden"
251-->[androidx.credentials:credentials-play-services-auth:1.2.0-rc01] AndroidManifest.xml:36:13-87
252            android:enabled="true"
252-->[androidx.credentials:credentials-play-services-auth:1.2.0-rc01] AndroidManifest.xml:37:13-35
253            android:exported="false"
253-->[androidx.credentials:credentials-play-services-auth:1.2.0-rc01] AndroidManifest.xml:38:13-37
254            android:fitsSystemWindows="true"
254-->[androidx.credentials:credentials-play-services-auth:1.2.0-rc01] AndroidManifest.xml:39:13-45
255            android:theme="@style/Theme.Hidden" >
255-->[androidx.credentials:credentials-play-services-auth:1.2.0-rc01] AndroidManifest.xml:40:13-48
256        </activity>
257        <activity
257-->[com.google.android.gms:play-services-auth:21.0.0] AndroidManifest.xml:23:9-27:75
258            android:name="com.google.android.gms.auth.api.signin.internal.SignInHubActivity"
258-->[com.google.android.gms:play-services-auth:21.0.0] AndroidManifest.xml:24:13-93
259            android:excludeFromRecents="true"
259-->[com.google.android.gms:play-services-auth:21.0.0] AndroidManifest.xml:25:13-46
260            android:exported="false"
260-->[com.google.android.gms:play-services-auth:21.0.0] AndroidManifest.xml:26:13-37
261            android:theme="@android:style/Theme.Translucent.NoTitleBar" />
261-->[com.google.android.gms:play-services-auth:21.0.0] AndroidManifest.xml:27:13-72
262        <!--
263            Service handling Google Sign-In user revocation. For apps that do not integrate with
264            Google Sign-In, this service will never be started.
265        -->
266        <service
266-->[com.google.android.gms:play-services-auth:21.0.0] AndroidManifest.xml:33:9-37:51
267            android:name="com.google.android.gms.auth.api.signin.RevocationBoundService"
267-->[com.google.android.gms:play-services-auth:21.0.0] AndroidManifest.xml:34:13-89
268            android:exported="true"
268-->[com.google.android.gms:play-services-auth:21.0.0] AndroidManifest.xml:35:13-36
269            android:permission="com.google.android.gms.auth.api.signin.permission.REVOCATION_NOTIFICATION"
269-->[com.google.android.gms:play-services-auth:21.0.0] AndroidManifest.xml:36:13-107
270            android:visibleToInstantApps="true" />
270-->[com.google.android.gms:play-services-auth:21.0.0] AndroidManifest.xml:37:13-48
271
272        <provider
272-->[com.google.firebase:firebase-common:21.0.0] AndroidManifest.xml:23:9-28:39
273            android:name="com.google.firebase.provider.FirebaseInitProvider"
273-->[com.google.firebase:firebase-common:21.0.0] AndroidManifest.xml:24:13-77
274            android:authorities="com.example.food_fellas.firebaseinitprovider"
274-->[com.google.firebase:firebase-common:21.0.0] AndroidManifest.xml:25:13-72